<?xml version="1.0" encoding="UTF-8"?>
<!-- Generated by org.testng.reporters.JUnitXMLReporter -->
<testsuite ignored="0" hostname="INFOSEUM33" failures="0" tests="4" name="Default test" time="5.436" errors="0" timestamp="2023-08-07T15:58:17 GMT-04:00">
  <testcase classname="testjava.LoginTest" name="validateUrlOfPage" time="0.015"/>
  <testcase classname="testjava.LoginTest" name="validateTitleOfPage" time="0.006"/>
  <testcase classname="testjava.LoginTest" name="validateLoginUsingValidCred" time="5.357"/>
  <testcase classname="testjava.LoginTest" name="validateLoginUsingInvalidCred" time="0.002"/>
</testsuite> <!-- Default test -->
