<?xml version="1.0" encoding="UTF-8"?>
<testng-results ignored="0" total="6" passed="5" failed="1" skipped="0">
  <reporter-output>
    <line>
      <![CDATA[https://opensource-demo.orangehrmlive.com/web/index.php/auth/login]]>
    </line>
    <line>
      <![CDATA[Reset Password]]>
    </line>
    <line>
      <![CDATA[OrangeHRM HR Software | Free & Open Source HR Software | HRMS | HRIS | OrangeHRM]]>
    </line>
  </reporter-output>
  <suite started-at="2023-08-09T15:24:13 GMT-04:00" name="Default suite" finished-at="2023-08-09T15:24:49 GMT-04:00" duration-ms="35841">
    <groups>
    </groups>
    <test started-at="2023-08-09T15:24:13 GMT-04:00" name="Default test" finished-at="2023-08-09T15:24:49 GMT-04:00" duration-ms="35841">
      <class name="testjava.LoginTest">
        <test-method is-config="true" signature="launchingBrowser()[pri:0, instance:testjava.LoginTest@d737b89]" started-at="2023-08-09T15:24:02 GMT-04:00" name="launchingBrowser" finished-at="2023-08-09T15:24:13 GMT-04:00" duration-ms="10946" status="PASS">
          <reporter-output>
          </reporter-output>
        </test-method> <!-- launchingBrowser -->
        <test-method is-config="true" signature="pageObjects()[pri:0, instance:testjava.LoginTest@d737b89]" started-at="2023-08-09T15:24:13 GMT-04:00" name="pageObjects" finished-at="2023-08-09T15:24:13 GMT-04:00" duration-ms="25" status="PASS">
          <reporter-output>
          </reporter-output>
        </test-method> <!-- pageObjects -->
        <test-method signature="validateUrlOfPage()[pri:0, instance:testjava.LoginTest@d737b89]" started-at="2023-08-09T15:24:13 GMT-04:00" name="validateUrlOfPage" finished-at="2023-08-09T15:24:13 GMT-04:00" duration-ms="16" status="PASS">
          <reporter-output>
            <line>
              <![CDATA[https://opensource-demo.orangehrmlive.com/web/index.php/auth/login]]>
            </line>
          </reporter-output>
        </test-method> <!-- validateUrlOfPage -->
        <test-method signature="validateTitleOfPage()[pri:1, instance:testjava.LoginTest@d737b89]" started-at="2023-08-09T15:24:13 GMT-04:00" name="validateTitleOfPage" finished-at="2023-08-09T15:24:13 GMT-04:00" duration-ms="6" status="PASS">
          <reporter-output>
          </reporter-output>
        </test-method> <!-- validateTitleOfPage -->
        <test-method signature="validateLoginUsingValidCred()[pri:2, instance:testjava.LoginTest@d737b89]" started-at="2023-08-09T15:24:13 GMT-04:00" name="validateLoginUsingValidCred" finished-at="2023-08-09T15:24:18 GMT-04:00" duration-ms="4857" status="PASS">
          <reporter-output>
          </reporter-output>
        </test-method> <!-- validateLoginUsingValidCred -->
        <test-method signature="validateLoginUsingInvalidCred()[pri:3, instance:testjava.LoginTest@d737b89]" started-at="2023-08-09T15:24:18 GMT-04:00" name="validateLoginUsingInvalidCred" finished-at="2023-08-09T15:24:32 GMT-04:00" duration-ms="13483" status="FAIL">
          <exception class="org.openqa.selenium.NoSuchElementException">
            <message>
              <![CDATA[no such element: Unable to locate element: {"method":"xpath","selector":"//h6[text()='Dashboard']"}
  (Session info: chrome=109.0.5414.149)
For documentation on this error, please visit: https://www.selenium.dev/documentation/webdriver/troubleshooting/errors#no-such-element-exception
Build info: version: '4.10.0', revision: 'c14d967899'
System info: os.name: 'Windows 8.1', os.arch: 'amd64', os.version: '6.3', java.version: '17.0.1'
Driver info: org.openqa.selenium.chrome.ChromeDriver
Command: [2262db067abc3e34257a8d47a5243275, findElement {using=xpath, value=//h6[text()='Dashboard']}]
Capabilities {acceptInsecureCerts: false, browserName: chrome, browserVersion: 109.0.5414.149, chrome: {chromedriverVersion: 109.0.5414.74 (e7c5703604da..., userDataDir: C:\Users\ADITYA~1\AppData\L...}, goog:chromeOptions: {debuggerAddress: localhost:54090}, networkConnectionEnabled: false, pageLoadStrategy: normal, platformName: windows, proxy: Proxy(), se:cdp: ws://localhost:54090/devtoo..., se:cdpVersion: 109.0.5414.149, setWindowRect: true, strictFileInteractability: false, timeouts: {implicit: 0, pageLoad: 300000, script: 30000}, unhandledPromptBehavior: dismiss and notify, webauthn:extension:credBlob: true, webauthn:extension:largeBlob: true, webauthn:virtualAuthenticators: true}
Session ID: 2262db067abc3e34257a8d47a5243275]]>
            </message>
            <full-stacktrace>
              <![CDATA[org.openqa.selenium.NoSuchElementException: no such element: Unable to locate element: {"method":"xpath","selector":"//h6[text()='Dashboard']"}
  (Session info: chrome=109.0.5414.149)
For documentation on this error, please visit: https://www.selenium.dev/documentation/webdriver/troubleshooting/errors#no-such-element-exception
Build info: version: '4.10.0', revision: 'c14d967899'
System info: os.name: 'Windows 8.1', os.arch: 'amd64', os.version: '6.3', java.version: '17.0.1'
Driver info: org.openqa.selenium.chrome.ChromeDriver
Command: [2262db067abc3e34257a8d47a5243275, findElement {using=xpath, value=//h6[text()='Dashboard']}]
Capabilities {acceptInsecureCerts: false, browserName: chrome, browserVersion: 109.0.5414.149, chrome: {chromedriverVersion: 109.0.5414.74 (e7c5703604da..., userDataDir: C:\Users\ADITYA~1\AppData\L...}, goog:chromeOptions: {debuggerAddress: localhost:54090}, networkConnectionEnabled: false, pageLoadStrategy: normal, platformName: windows, proxy: Proxy(), se:cdp: ws://localhost:54090/devtoo..., se:cdpVersion: 109.0.5414.149, setWindowRect: true, strictFileInteractability: false, timeouts: {implicit: 0, pageLoad: 300000, script: 30000}, unhandledPromptBehavior: dismiss and notify, webauthn:extension:credBlob: true, webauthn:extension:largeBlob: true, webauthn:virtualAuthenticators: true}
Session ID: 2262db067abc3e34257a8d47a5243275
at java.base/jdk.internal.reflect.NativeConstructorAccessorImpl.newInstance0(Native Method)
at java.base/jdk.internal.reflect.NativeConstructorAccessorImpl.newInstance(NativeConstructorAccessorImpl.java:77)
at java.base/jdk.internal.reflect.DelegatingConstructorAccessorImpl.newInstance(DelegatingConstructorAccessorImpl.java:45)
at java.base/java.lang.reflect.Constructor.newInstanceWithCaller(Constructor.java:499)
at java.base/java.lang.reflect.Constructor.newInstance(Constructor.java:480)
at org.openqa.selenium.remote.codec.w3c.W3CHttpResponseCodec.createException(W3CHttpResponseCodec.java:199)
at org.openqa.selenium.remote.codec.w3c.W3CHttpResponseCodec.decode(W3CHttpResponseCodec.java:132)
at org.openqa.selenium.remote.codec.w3c.W3CHttpResponseCodec.decode(W3CHttpResponseCodec.java:51)
at org.openqa.selenium.remote.HttpCommandExecutor.execute(HttpCommandExecutor.java:191)
at org.openqa.selenium.remote.service.DriverCommandExecutor.invokeExecute(DriverCommandExecutor.java:196)
at org.openqa.selenium.remote.service.DriverCommandExecutor.execute(DriverCommandExecutor.java:171)
at org.openqa.selenium.remote.RemoteWebDriver.execute(RemoteWebDriver.java:531)
at org.openqa.selenium.remote.ElementLocation$ElementFinder$2.findElement(ElementLocation.java:165)
at org.openqa.selenium.remote.ElementLocation.findElement(ElementLocation.java:59)
at org.openqa.selenium.remote.RemoteWebDriver.findElement(RemoteWebDriver.java:350)
at org.openqa.selenium.remote.RemoteWebDriver.findElement(RemoteWebDriver.java:344)
at org.openqa.selenium.support.pagefactory.DefaultElementLocator.findElement(DefaultElementLocator.java:68)
at org.openqa.selenium.support.pagefactory.internal.LocatingElementHandler.invoke(LocatingElementHandler.java:38)
at jdk.proxy2/jdk.proxy2.$Proxy17.isDisplayed(Unknown Source)
at mainjava.DashBoardPage.verifyTitleOfPage(DashBoardPage.java:36)
at testjava.LoginTest.validateLoginUsingInvalidCred(LoginTest.java:37)
at java.base/jdk.internal.reflect.NativeMethodAccessorImpl.invoke0(Native Method)
at java.base/jdk.internal.reflect.NativeMethodAccessorImpl.invoke(NativeMethodAccessorImpl.java:77)
at java.base/jdk.internal.reflect.DelegatingMethodAccessorImpl.invoke(DelegatingMethodAccessorImpl.java:43)
at java.base/java.lang.reflect.Method.invoke(Method.java:568)
at org.testng.internal.invokers.MethodInvocationHelper.invokeMethod(MethodInvocationHelper.java:139)
at org.testng.internal.invokers.TestInvoker.invokeMethod(TestInvoker.java:664)
at org.testng.internal.invokers.TestInvoker.invokeTestMethod(TestInvoker.java:227)
at org.testng.internal.invokers.MethodRunner.runInSequence(MethodRunner.java:50)
at org.testng.internal.invokers.TestInvoker$MethodInvocationAgent.invoke(TestInvoker.java:957)
at org.testng.internal.invokers.TestInvoker.invokeTestMethods(TestInvoker.java:200)
at org.testng.internal.invokers.TestMethodWorker.invokeTestMethods(TestMethodWorker.java:148)
at org.testng.internal.invokers.TestMethodWorker.run(TestMethodWorker.java:128)
at java.base/java.util.ArrayList.forEach(ArrayList.java:1511)
at org.testng.TestRunner.privateRun(TestRunner.java:848)
at org.testng.TestRunner.run(TestRunner.java:621)
at org.testng.SuiteRunner.runTest(SuiteRunner.java:443)
at org.testng.SuiteRunner.runSequentially(SuiteRunner.java:437)
at org.testng.SuiteRunner.privateRun(SuiteRunner.java:397)
at org.testng.SuiteRunner.run(SuiteRunner.java:336)
at org.testng.SuiteRunnerWorker.runSuite(SuiteRunnerWorker.java:52)
at org.testng.SuiteRunnerWorker.run(SuiteRunnerWorker.java:95)
at org.testng.TestNG.runSuitesSequentially(TestNG.java:1280)
at org.testng.TestNG.runSuitesLocally(TestNG.java:1200)
at org.testng.TestNG.runSuites(TestNG.java:1114)
at org.testng.TestNG.run(TestNG.java:1082)
at org.testng.remote.AbstractRemoteTestNG.run(AbstractRemoteTestNG.java:115)
at org.testng.remote.RemoteTestNG.initAndRun(RemoteTestNG.java:251)
at org.testng.remote.RemoteTestNG.main(RemoteTestNG.java:77)
]]>
            </full-stacktrace>
          </exception> <!-- org.openqa.selenium.NoSuchElementException -->
          <reporter-output>
          </reporter-output>
        </test-method> <!-- validateLoginUsingInvalidCred -->
        <test-method signature="validateForgotPasswordLink()[pri:4, instance:testjava.LoginTest@d737b89]" started-at="2023-08-09T15:24:32 GMT-04:00" name="validateForgotPasswordLink" finished-at="2023-08-09T15:24:33 GMT-04:00" duration-ms="1650" status="PASS">
          <reporter-output>
            <line>
              <![CDATA[Reset Password]]>
            </line>
          </reporter-output>
        </test-method> <!-- validateForgotPasswordLink -->
        <test-method signature="validateOrangeHRMLink()[pri:5, instance:testjava.LoginTest@d737b89]" started-at="2023-08-09T15:24:33 GMT-04:00" name="validateOrangeHRMLink" finished-at="2023-08-09T15:24:49 GMT-04:00" duration-ms="15746" status="PASS">
          <reporter-output>
            <line>
              <![CDATA[OrangeHRM HR Software | Free & Open Source HR Software | HRMS | HRIS | OrangeHRM]]>
            </line>
          </reporter-output>
        </test-method> <!-- validateOrangeHRMLink -->
        <test-method is-config="true" signature="tearDown()[pri:0, instance:testjava.LoginTest@d737b89]" started-at="2023-08-09T15:24:50 GMT-04:00" name="tearDown" finished-at="2023-08-09T15:24:53 GMT-04:00" duration-ms="3061" status="PASS">
          <reporter-output>
          </reporter-output>
        </test-method> <!-- tearDown -->
      </class> <!-- testjava.LoginTest -->
    </test> <!-- Default test -->
  </suite> <!-- Default suite -->
</testng-results>
