<?xml version="1.0" encoding="UTF-8"?>
<testng-results ignored="0" total="4" passed="4" failed="0" skipped="0">
  <reporter-output>
    <line>
      <![CDATA[https://opensource-demo.orangehrmlive.com/web/index.php/auth/login]]>
    </line>
  </reporter-output>
  <suite started-at="2023-08-07T15:58:12 GMT-04:00" name="Default suite" finished-at="2023-08-07T15:58:17 GMT-04:00" duration-ms="5436">
    <groups>
    </groups>
    <test started-at="2023-08-07T15:58:12 GMT-04:00" name="Default test" finished-at="2023-08-07T15:58:17 GMT-04:00" duration-ms="5436">
      <class name="testjava.LoginTest">
        <test-method is-config="true" signature="launchingBrowser()[pri:0, instance:testjava.LoginTest@7f485fda]" started-at="2023-08-07T15:58:04 GMT-04:00" name="launchingBrowser" finished-at="2023-08-07T15:58:12 GMT-04:00" duration-ms="8433" status="PASS">
          <reporter-output>
          </reporter-output>
        </test-method> <!-- launchingBrowser -->
        <test-method is-config="true" signature="pageObjects()[pri:0, instance:testjava.LoginTest@7f485fda]" started-at="2023-08-07T15:58:12 GMT-04:00" name="pageObjects" finished-at="2023-08-07T15:58:12 GMT-04:00" duration-ms="17" status="PASS">
          <reporter-output>
          </reporter-output>
        </test-method> <!-- pageObjects -->
        <test-method signature="validateUrlOfPage()[pri:0, instance:testjava.LoginTest@7f485fda]" started-at="2023-08-07T15:58:12 GMT-04:00" name="validateUrlOfPage" finished-at="2023-08-07T15:58:12 GMT-04:00" duration-ms="15" status="PASS">
          <reporter-output>
            <line>
              <![CDATA[https://opensource-demo.orangehrmlive.com/web/index.php/auth/login]]>
            </line>
          </reporter-output>
        </test-method> <!-- validateUrlOfPage -->
        <test-method signature="validateTitleOfPage()[pri:1, instance:testjava.LoginTest@7f485fda]" started-at="2023-08-07T15:58:12 GMT-04:00" name="validateTitleOfPage" finished-at="2023-08-07T15:58:12 GMT-04:00" duration-ms="6" status="PASS">
          <reporter-output>
          </reporter-output>
        </test-method> <!-- validateTitleOfPage -->
        <test-method signature="validateLoginUsingValidCred()[pri:2, instance:testjava.LoginTest@7f485fda]" started-at="2023-08-07T15:58:12 GMT-04:00" name="validateLoginUsingValidCred" finished-at="2023-08-07T15:58:17 GMT-04:00" duration-ms="5357" status="PASS">
          <reporter-output>
          </reporter-output>
        </test-method> <!-- validateLoginUsingValidCred -->
        <test-method signature="validateLoginUsingInvalidCred()[pri:3, instance:testjava.LoginTest@7f485fda]" started-at="2023-08-07T15:58:17 GMT-04:00" name="validateLoginUsingInvalidCred" finished-at="2023-08-07T15:58:17 GMT-04:00" duration-ms="2" status="PASS">
          <reporter-output>
          </reporter-output>
        </test-method> <!-- validateLoginUsingInvalidCred -->
        <test-method is-config="true" signature="tearDown()[pri:0, instance:testjava.LoginTest@7f485fda]" started-at="2023-08-07T15:58:17 GMT-04:00" name="tearDown" finished-at="2023-08-07T15:58:18 GMT-04:00" duration-ms="714" status="PASS">
          <reporter-output>
          </reporter-output>
        </test-method> <!-- tearDown -->
      </class> <!-- testjava.LoginTest -->
    </test> <!-- Default test -->
  </suite> <!-- Default suite -->
</testng-results>
